    Blocking waiting for file lock on package cache
   Compiling backend v0.1.0 (/app/crates/backend)
warning: unused import: `ipnetwork::IpNetwork`
  --> crates/backend/src/handlers/repo.rs:20:5
   |
20 | use ipnetwork::IpNetwork;
   |     ^^^^^^^^^^^^^^^^^^^^
   |
   = note: `#[warn(unused_imports)]` (part of `#[warn(unused)]`) on by default

warning: unused variable: `port`
   --> crates/backend/src/handlers/repo.rs:801:64
    |
801 |             let (status_str, status_code) = if let Some((host, port, safe_addr)) = validated_target {
    |                                                                ^^^^ help: if this is intentional, prefix it with an underscore: `_port`
    |
    = note: `#[warn(unused_variables)]` (part of `#[warn(unused)]`) on by default

warning: `backend` (bin "backend") generated 2 warnings (run `cargo fix --bin "backend" -p backend` to apply 2 suggestions)
    Finished `dev` profile [unoptimized + debuginfo] target(s) in 2.54s
     Running `target/debug/backend`
listening on 127.0.0.1:3000
