2026-02-24T16:35:16.275265Z  INFO 🚀 Starting trunk 0.21.14
2026-02-24T16:35:16.278195Z  INFO 📦 starting build
warning: unused variable: `repo_meta`
  --> crates/frontend/src/pages/compare.rs:19:9
   |
19 |     let repo_meta = create_resource(
   |         ^^^^^^^^^ help: if this is intentional, prefix it with an underscore: `_repo_meta`
   |
   = note: `#[warn(unused_variables)]` (part of `#[warn(unused)]`) on by default

warning: `frontend` (bin "frontend") generated 1 warning (run `cargo fix --bin "frontend" -p frontend` to apply 1 suggestion)
    Finished `dev` profile [unoptimized + debuginfo] target(s) in 0.21s
2026-02-24T16:35:25.552515Z  INFO applying new distribution
2026-02-24T16:35:25.558117Z  INFO ✅ success
2026-02-24T16:35:25.558266Z  INFO 📡 serving static assets at -> /
2026-02-24T16:35:25.569103Z  INFO 📡 proxying /api/v1/ -> http://127.0.0.1:3000/api/v1/
2026-02-24T16:35:25.569555Z  INFO 📡 server listening at:
2026-02-24T16:35:25.569580Z  INFO     🏠 http://127.0.0.1:8080/
2026-02-24T16:35:25.569586Z  INFO     🏠 http://[::1]:8080/
2026-02-24T16:35:25.569722Z  INFO     🏠 http://localhost.:8080/
2026-02-24T16:35:25.569738Z  INFO     🏠 http://ip6-loopback.:8080/
2026-02-24T16:35:25.569742Z  INFO     🏠 http://ip6-localhost.:8080/
